2019-04-18 21:04:12,533-INFO- 
----------------------------------------------------------
-------------- K-Means analysis on Second4H 
---------------------------------------------------------

2019-04-18 21:04:12,533-INFO- 
----------------------------------------------------------
Trying to find the optimal number of clusters, min_clusters = 1, max_clusters = 20
---------------------------------------------------------

2019-04-18 21:07:35,842-INFO- 
----------------------------------------------------------
-------------- K-Means analysis on Second4H 
---------------------------------------------------------

2019-04-18 21:09:22,671-INFO- 
----------------------------------------------------------
-------------- K-Means analysis on Second4H 
---------------------------------------------------------

2019-04-18 21:12:47,433-INFO- 
----------------------------------------------------------
-------------- K-Means analysis on Second4H 
---------------------------------------------------------

2019-04-18 21:19:13,124-INFO- 
----------------------------------------------------------
-------------- K-Means analysis on Second4H 
---------------------------------------------------------

2019-04-18 21:21:52,891-INFO- 
----------------------------------------------------------
-------------- K-Means analysis on Second4h 
---------------------------------------------------------

2019-04-18 21:28:14,761-INFO- 
----------------------------------------------------------
-------------- K-Means analysis on Second4H 
---------------------------------------------------------

2019-04-18 21:35:37,492-INFO- 
----------------------------------------------------------
-------------- K-Means analysis on Second4H 
---------------------------------------------------------

2019-04-18 21:35:37,492-INFO- 
----------------------------------------------------------
Trying to find the optimal number of clusters, min_clusters = 1, max_clusters = 20
---------------------------------------------------------

2019-04-18 21:37:40,711-INFO- 
----------------------------------------------------------
-------------- K-Means analysis on Second4H 
---------------------------------------------------------

