2019-04-18 19:43:41,403-INFO- 
----------------------------------------------------------
-------------- K-Means analysis on First4H 
---------------------------------------------------------

2019-04-18 19:43:41,403-INFO- 
----------------------------------------------------------
Trying to find the optimal number of clusters, min_clusters = 1, max_clusters = 10
---------------------------------------------------------

2019-04-18 19:44:07,488-INFO- 
----------------------------------------------------------
-------------- K-Means analysis on First4H 
---------------------------------------------------------

2019-04-18 19:44:07,488-INFO- 
----------------------------------------------------------
Trying to find the optimal number of clusters, min_clusters = 1, max_clusters = 20
---------------------------------------------------------

2019-04-18 19:45:19,888-INFO- 
----------------------------------------------------------
-------------- K-Means analysis on First4H 
---------------------------------------------------------

